SQLSTATE[42S02]: Base table or view not found: 1146 Table 'scroll_paging.attempts' doesn't exist
SQLSTATE[23000]: Integrity constraint violation: 1048 Column 'IpAddress' cannot be null
SQLSTATE[23000]: Integrity constraint violation: 1048 Column 'IpAddress' cannot be null
SQLSTATE[23000]: Integrity constraint violation: 1048 Column 'IpAddress' cannot be null
SQLSTATE[23000]: Integrity constraint violation: 1048 Column 'IpAddress' cannot be null
SQLSTATE[HY093]: Invalid parameter number: number of bound variables does not match number of tokens
SQLSTATE[HY093]: Invalid parameter number: number of bound variables does not match number of tokens
SQLSTATE[HY093]: Invalid parameter number: number of bound variables does not match number of tokens
SQLSTATE[HY093]: Invalid parameter number: number of bound variables does not match number of tokens
SQLSTATE[HY093]: Invalid parameter number: number of bound variables does not match number of tokens
SQLSTATE[HY093]: Invalid parameter number: number of bound variables does not match number of tokens
SQLSTATE[HY093]: Invalid parameter number: number of bound variables does not match number of tokens
SQLSTATE[HY093]: Invalid parameter number: number of bound variables does not match number of tokens
SQLSTATE[HY093]: Invalid parameter number: number of bound variables does not match number of tokens
SQLSTATE[HY093]: Invalid parameter number: number of bound variables does not match number of tokens
SQLSTATE[23000]: Integrity constraint violation: 1062 Duplicate entry '' for key 'email'
SQLSTATE[23000]: Integrity constraint violation: 1062 Duplicate entry '' for key 'email'
SQLSTATE[23000]: Integrity constraint violation: 1062 Duplicate entry '' for key 'email'
SQLSTATE[23000]: Integrity constraint violation: 1062 Duplicate entry '' for key 'email'
SQLSTATE[42000]: Syntax error or access violation: 1064 You have an error in your SQL syntax; check the manual that corresponds to your MySQL server version for the right syntax to use near 'SET firstname= 'Tommy', lastname= 'Nguyen', sex= 'Man', birthday= '1994-06-13', ' at line 1
SQLSTATE[42000]: Syntax error or access violation: 1064 You have an error in your SQL syntax; check the manual that corresponds to your MySQL server version for the right syntax to use near 'WHERE CourseId= '22'' at line 1
SQLSTATE[42000]: Syntax error or access violation: 1064 You have an error in your SQL syntax; check the manual that corresponds to your MySQL server version for the right syntax to use near 'WHERE CourseId= '22'' at line 1
SQLSTATE[42S22]: Column not found: 1054 Unknown column 'RssUrl' in 'field list'
SQLSTATE[42S22]: Column not found: 1054 Unknown column 'RssUrl' in 'field list'
SQLSTATE[42S22]: Column not found: 1054 Unknown column 'RssUrl' in 'field list'
SQLSTATE[42S22]: Column not found: 1054 Unknown column 'RssUrl' in 'field list'
SQLSTATE[42000]: Syntax error or access violation: 1064 You have an error in your SQL syntax; check the manual that corresponds to your MySQL server version for the right syntax to use near '' at line 1
SQLSTATE[42000]: Syntax error or access violation: 1064 You have an error in your SQL syntax; check the manual that corresponds to your MySQL server version for the right syntax to use near '' at line 1
SQLSTATE[42000]: Syntax error or access violation: 1064 You have an error in your SQL syntax; check the manual that corresponds to your MySQL server version for the right syntax to use near '' at line 1
SQLSTATE[42000]: Syntax error or access violation: 1064 You have an error in your SQL syntax; check the manual that corresponds to your MySQL server version for the right syntax to use near '' at line 1
SQLSTATE[42000]: Syntax error or access violation: 1064 You have an error in your SQL syntax; check the manual that corresponds to your MySQL server version for the right syntax to use near '' at line 1
SQLSTATE[42000]: Syntax error or access violation: 1064 You have an error in your SQL syntax; check the manual that corresponds to your MySQL server version for the right syntax to use near '' at line 1
SQLSTATE[42000]: Syntax error or access violation: 1064 You have an error in your SQL syntax; check the manual that corresponds to your MySQL server version for the right syntax to use near ''tommy'' at line 1
SQLSTATE[42000]: Syntax error or access violation: 1064 You have an error in your SQL syntax; check the manual that corresponds to your MySQL server version for the right syntax to use near ''tommy'' at line 1
SQLSTATE[42000]: Syntax error or access violation: 1064 You have an error in your SQL syntax; check the manual that corresponds to your MySQL server version for the right syntax to use near '%'tommy'%' at line 1
SQLSTATE[42000]: Syntax error or access violation: 1064 You have an error in your SQL syntax; check the manual that corresponds to your MySQL server version for the right syntax to use near '%'tommy'%' at line 1
SQLSTATE[42000]: Syntax error or access violation: 1064 You have an error in your SQL syntax; check the manual that corresponds to your MySQL server version for the right syntax to use near ''%tommy%'' at line 1
SQLSTATE[42000]: Syntax error or access violation: 1064 You have an error in your SQL syntax; check the manual that corresponds to your MySQL server version for the right syntax to use near ''%tommy%'' at line 1
SQLSTATE[42000]: Syntax error or access violation: 1064 You have an error in your SQL syntax; check the manual that corresponds to your MySQL server version for the right syntax to use near ''%tommy%'' at line 1
SQLSTATE[42000]: Syntax error or access violation: 1064 You have an error in your SQL syntax; check the manual that corresponds to your MySQL server version for the right syntax to use near ''%tommy%'' at line 1
SQLSTATE[42S22]: Column not found: 1054 Unknown column 'usernamelike' in 'where clause'
SQLSTATE[42S22]: Column not found: 1054 Unknown column 'usernamelike' in 'where clause'
SQLSTATE[42000]: Syntax error or access violation: 1064 You have an error in your SQL syntax; check the manual that corresponds to your MySQL server version for the right syntax to use near ''%tommy%'' at line 1
SQLSTATE[42000]: Syntax error or access violation: 1064 You have an error in your SQL syntax; check the manual that corresponds to your MySQL server version for the right syntax to use near ''%tommy%'' at line 1
SQLSTATE[HY093]: Invalid parameter number: parameter was not defined
SQLSTATE[HY093]: Invalid parameter number: parameter was not defined
SQLSTATE[42000]: Syntax error or access violation: 1064 You have an error in your SQL syntax; check the manual that corresponds to your MySQL server version for the right syntax to use near ''to%'' at line 1
SQLSTATE[42000]: Syntax error or access violation: 1064 You have an error in your SQL syntax; check the manual that corresponds to your MySQL server version for the right syntax to use near ''to%'' at line 1
SQLSTATE[42000]: Syntax error or access violation: 1064 You have an error in your SQL syntax; check the manual that corresponds to your MySQL server version for the right syntax to use near ''to%'' at line 1
SQLSTATE[42000]: Syntax error or access violation: 1064 You have an error in your SQL syntax; check the manual that corresponds to your MySQL server version for the right syntax to use near ''to%'' at line 1
SQLSTATE[42000]: Syntax error or access violation: 1064 You have an error in your SQL syntax; check the manual that corresponds to your MySQL server version for the right syntax to use near ''tommy%'' at line 1
SQLSTATE[42000]: Syntax error or access violation: 1064 You have an error in your SQL syntax; check the manual that corresponds to your MySQL server version for the right syntax to use near ''tommy%'' at line 1
SQLSTATE[42000]: Syntax error or access violation: 1064 You have an error in your SQL syntax; check the manual that corresponds to your MySQL server version for the right syntax to use near '->dbTable WHERE usernameLIKE 'tommy%'' at line 1
SQLSTATE[42000]: Syntax error or access violation: 1064 You have an error in your SQL syntax; check the manual that corresponds to your MySQL server version for the right syntax to use near '->dbTable WHERE usernameLIKE 'tommy%'' at line 1
SQLSTATE[42000]: Syntax error or access violation: 1064 You have an error in your SQL syntax; check the manual that corresponds to your MySQL server version for the right syntax to use near '->dbTable WHERE username LIKE 'tommy%'' at line 1
SQLSTATE[42000]: Syntax error or access violation: 1064 You have an error in your SQL syntax; check the manual that corresponds to your MySQL server version for the right syntax to use near '->dbTable WHERE username LIKE 'tommy%'' at line 1
SQLSTATE[42000]: Syntax error or access violation: 1064 You have an error in your SQL syntax; check the manual that corresponds to your MySQL server version for the right syntax to use near '->dbTable WHERE username LIKE '%tommy%'' at line 1
SQLSTATE[42000]: Syntax error or access violation: 1064 You have an error in your SQL syntax; check the manual that corresponds to your MySQL server version for the right syntax to use near '->dbTable WHERE username LIKE '%tommy%'' at line 1
SQLSTATE[42000]: Syntax error or access violation: 1064 You have an error in your SQL syntax; check the manual that corresponds to your MySQL server version for the right syntax to use near '->dbTable WHERE username LIKE 'tommy'' at line 1
SQLSTATE[42000]: Syntax error or access violation: 1064 You have an error in your SQL syntax; check the manual that corresponds to your MySQL server version for the right syntax to use near '->dbTable WHERE username LIKE 'tommy'' at line 1
SQLSTATE[42000]: Syntax error or access violation: 1064 You have an error in your SQL syntax; check the manual that corresponds to your MySQL server version for the right syntax to use near '->dbTable WHERE username LIKE ='tommy%'' at line 1
SQLSTATE[42000]: Syntax error or access violation: 1064 You have an error in your SQL syntax; check the manual that corresponds to your MySQL server version for the right syntax to use near '->dbTable WHERE username LIKE ='tommy%'' at line 1
SQLSTATE[42000]: Syntax error or access violation: 1064 You have an error in your SQL syntax; check the manual that corresponds to your MySQL server version for the right syntax to use near '->dbTable WHERE username LIKE'tommy%'' at line 1
SQLSTATE[42000]: Syntax error or access violation: 1064 You have an error in your SQL syntax; check the manual that corresponds to your MySQL server version for the right syntax to use near '->dbTable WHERE username LIKE'tommy%'' at line 1
SQLSTATE[42000]: Syntax error or access violation: 1064 You have an error in your SQL syntax; check the manual that corresponds to your MySQL server version for the right syntax to use near '->dbTable WHERE username LIKE'tommy%'' at line 1
SQLSTATE[42000]: Syntax error or access violation: 1064 You have an error in your SQL syntax; check the manual that corresponds to your MySQL server version for the right syntax to use near '->dbTable WHERE username LIKE'tommy%'' at line 1
SQLSTATE[42000]: Syntax error or access violation: 1064 You have an error in your SQL syntax; check the manual that corresponds to your MySQL server version for the right syntax to use near '->dbTable WHERE usernameLIKE 'tommy%'' at line 1
SQLSTATE[42000]: Syntax error or access violation: 1064 You have an error in your SQL syntax; check the manual that corresponds to your MySQL server version for the right syntax to use near '->dbTable WHERE usernameLIKE 'tommy%'' at line 1
SQLSTATE[42000]: Syntax error or access violation: 1064 You have an error in your SQL syntax; check the manual that corresponds to your MySQL server version for the right syntax to use near '->dbTable WHERE usernameLIKE 'tommy%'' at line 1
SQLSTATE[42000]: Syntax error or access violation: 1064 You have an error in your SQL syntax; check the manual that corresponds to your MySQL server version for the right syntax to use near '->dbTable WHERE usernameLIKE 'tommy%'' at line 1
SQLSTATE[42000]: Syntax error or access violation: 1064 You have an error in your SQL syntax; check the manual that corresponds to your MySQL server version for the right syntax to use near '->dbTable WHERE username LIKE 'tommy%'' at line 1
SQLSTATE[42000]: Syntax error or access violation: 1064 You have an error in your SQL syntax; check the manual that corresponds to your MySQL server version for the right syntax to use near '->dbTable WHERE username LIKE 'tommy%'' at line 1
SQLSTATE[42000]: Syntax error or access violation: 1064 You have an error in your SQL syntax; check the manual that corresponds to your MySQL server version for the right syntax to use near '->dbTable WHERE username LIKE '$search%'' at line 1
SQLSTATE[42000]: Syntax error or access violation: 1064 You have an error in your SQL syntax; check the manual that corresponds to your MySQL server version for the right syntax to use near '->dbTable WHERE username LIKE '$search%'' at line 1
SQLSTATE[42000]: Syntax error or access violation: 1064 You have an error in your SQL syntax; check the manual that corresponds to your MySQL server version for the right syntax to use near '->dbTable WHERE username = '$search%'' at line 1
SQLSTATE[42000]: Syntax error or access violation: 1064 You have an error in your SQL syntax; check the manual that corresponds to your MySQL server version for the right syntax to use near '->dbTable WHERE username = '$search%'' at line 1
SQLSTATE[42000]: Syntax error or access violation: 1064 You have an error in your SQL syntax; check the manual that corresponds to your MySQL server version for the right syntax to use near '->dbTable WHERE username "= ?"' at line 1
SQLSTATE[42000]: Syntax error or access violation: 1064 You have an error in your SQL syntax; check the manual that corresponds to your MySQL server version for the right syntax to use near '->dbTable WHERE username "= ?"' at line 1
SQLSTATE[42000]: Syntax error or access violation: 1064 You have an error in your SQL syntax; check the manual that corresponds to your MySQL server version for the right syntax to use near '->dbTable WHERE username= '$search%'' at line 1
SQLSTATE[42000]: Syntax error or access violation: 1064 You have an error in your SQL syntax; check the manual that corresponds to your MySQL server version for the right syntax to use near '->dbTable WHERE username= '$search%'' at line 1
SQLSTATE[42000]: Syntax error or access violation: 1064 You have an error in your SQL syntax; check the manual that corresponds to your MySQL server version for the right syntax to use near '->dbTable WHERE username= 'tommy%'' at line 1
SQLSTATE[42000]: Syntax error or access violation: 1064 You have an error in your SQL syntax; check the manual that corresponds to your MySQL server version for the right syntax to use near '->dbTable WHERE username= 'tommy%'' at line 1
SQLSTATE[42000]: Syntax error or access violation: 1064 You have an error in your SQL syntax; check the manual that corresponds to your MySQL server version for the right syntax to use near '->dbTable WHERE username= '%tommy%'' at line 1
SQLSTATE[42000]: Syntax error or access violation: 1064 You have an error in your SQL syntax; check the manual that corresponds to your MySQL server version for the right syntax to use near '->dbTable WHERE username= '%tommy%'' at line 1
SQLSTATE[42000]: Syntax error or access violation: 1064 You have an error in your SQL syntax; check the manual that corresponds to your MySQL server version for the right syntax to use near '->dbTable WHERE username= 'tommy'' at line 1
SQLSTATE[42000]: Syntax error or access violation: 1064 You have an error in your SQL syntax; check the manual that corresponds to your MySQL server version for the right syntax to use near '->dbTable WHERE username= 'tommy'' at line 1
SQLSTATE[42000]: Syntax error or access violation: 1064 You have an error in your SQL syntax; check the manual that corresponds to your MySQL server version for the right syntax to use near '->dbTable WHERE username= 'tommy'' at line 1
SQLSTATE[42000]: Syntax error or access violation: 1064 You have an error in your SQL syntax; check the manual that corresponds to your MySQL server version for the right syntax to use near '->dbTable WHERE username= 'tommy'' at line 1
SQLSTATE[42000]: Syntax error or access violation: 1064 You have an error in your SQL syntax; check the manual that corresponds to your MySQL server version for the right syntax to use near '->dbTable WHERE username= 'tommy'' at line 1
SQLSTATE[42000]: Syntax error or access violation: 1064 You have an error in your SQL syntax; check the manual that corresponds to your MySQL server version for the right syntax to use near '->dbTable WHERE username= 'tommy'' at line 1
SQLSTATE[42000]: Syntax error or access violation: 1064 You have an error in your SQL syntax; check the manual that corresponds to your MySQL server version for the right syntax to use near ''%tommy%'' at line 1
SQLSTATE[42000]: Syntax error or access violation: 1064 You have an error in your SQL syntax; check the manual that corresponds to your MySQL server version for the right syntax to use near ''%tommy%'' at line 1
SQLSTATE[08004] [1040] Too many connections
SQLSTATE[08004] [1040] Too many connections
SQLSTATE[08004] [1040] Too many connections
SQLSTATE[08004] [1040] Too many connections
SQLSTATE[08004] [1040] Too many connections
SQLSTATE[08004] [1040] Too many connections
SQLSTATE[08004] [1040] Too many connections
SQLSTATE[08004] [1040] Too many connections
SQLSTATE[08004] [1040] Too many connections
SQLSTATE[08004] [1040] Too many connections
SQLSTATE[08004] [1040] Too many connections
SQLSTATE[08004] [1040] Too many connections
SQLSTATE[08004] [1040] Too many connections
SQLSTATE[08004] [1040] Too many connections
SQLSTATE[08004] [1040] Too many connections
SQLSTATE[08004] [1040] Too many connections
SQLSTATE[08004] [1040] Too many connections
SQLSTATE[08004] [1040] Too many connections
SQLSTATE[23000]: Integrity constraint violation: 1452 Cannot add or update a child row: a foreign key constraint fails (`lsn_social_network`.`feed`, CONSTRAINT `feed_ibfk_1` FOREIGN KEY (`UserId`) REFERENCES `user` (`UserId`) ON DELETE CASCADE ON UPDATE CASCADE)
SQLSTATE[23000]: Integrity constraint violation: 1452 Cannot add or update a child row: a foreign key constraint fails (`lsn_social_network`.`feed`, CONSTRAINT `feed_ibfk_2` FOREIGN KEY (`CourseId`) REFERENCES `course` (`CourseId`) ON DELETE CASCADE ON UPDATE CASCADE)
SQLSTATE[23000]: Integrity constraint violation: 1452 Cannot add or update a child row: a foreign key constraint fails (`lsn_social_network`.`feed`, CONSTRAINT `feed_ibfk_2` FOREIGN KEY (`CourseId`) REFERENCES `course` (`CourseId`) ON DELETE CASCADE ON UPDATE CASCADE)
SQLSTATE[08004] [1040] Too many connections
SQLSTATE[08004] [1040] Too many connections
SQLSTATE[08004] [1040] Too many connections
SQLSTATE[08004] [1040] Too many connections
SQLSTATE[08004] [1040] Too many connections
SQLSTATE[08004] [1040] Too many connections
SQLSTATE[08004] [1040] Too many connections
SQLSTATE[08004] [1040] Too many connections
SQLSTATE[08004] [1040] Too many connections
SQLSTATE[08004] [1040] Too many connections
SQLSTATE[08004] [1040] Too many connections
SQLSTATE[08004] [1040] Too many connections
SQLSTATE[08004] [1040] Too many connections
SQLSTATE[08004] [1040] Too many connections
SQLSTATE[08004] [1040] Too many connections
SQLSTATE[08004] [1040] Too many connections
SQLSTATE[08004] [1040] Too many connections
SQLSTATE[08004] [1040] Too many connections
SQLSTATE[08004] [1040] Too many connections
SQLSTATE[08004] [1040] Too many connections
SQLSTATE[08004] [1040] Too many connections
SQLSTATE[08004] [1040] Too many connections
SQLSTATE[08004] [1040] Too many connections
SQLSTATE[08004] [1040] Too many connections
SQLSTATE[08004] [1040] Too many connections
SQLSTATE[08004] [1040] Too many connections
SQLSTATE[08004] [1040] Too many connections
SQLSTATE[08004] [1040] Too many connections
SQLSTATE[08004] [1040] Too many connections
SQLSTATE[08004] [1040] Too many connections
SQLSTATE[08004] [1040] Too many connections
SQLSTATE[08004] [1040] Too many connections
SQLSTATE[08004] [1040] Too many connections
SQLSTATE[08004] [1040] Too many connections
SQLSTATE[08004] [1040] Too many connections
SQLSTATE[08004] [1040] Too many connections
SQLSTATE[08004] [1040] Too many connections
SQLSTATE[08004] [1040] Too many connections
SQLSTATE[08004] [1040] Too many connections
SQLSTATE[08004] [1040] Too many connections
SQLSTATE[08004] [1040] Too many connections
SQLSTATE[08004] [1040] Too many connections
SQLSTATE[08004] [1040] Too many connections
SQLSTATE[08004] [1040] Too many connections
SQLSTATE[08004] [1040] Too many connections
SQLSTATE[08004] [1040] Too many connections
SQLSTATE[08004] [1040] Too many connections
SQLSTATE[08004] [1040] Too many connections
SQLSTATE[08004] [1040] Too many connections
SQLSTATE[08004] [1040] Too many connections
SQLSTATE[08004] [1040] Too many connections
SQLSTATE[08004] [1040] Too many connections
SQLSTATE[08004] [1040] Too many connections
SQLSTATE[08004] [1040] Too many connections
SQLSTATE[08004] [1040] Too many connections
SQLSTATE[08004] [1040] Too many connections
SQLSTATE[08004] [1040] Too many connections
SQLSTATE[08004] [1040] Too many connections
SQLSTATE[08004] [1040] Too many connections
SQLSTATE[08004] [1040] Too many connections
SQLSTATE[08004] [1040] Too many connections
SQLSTATE[08004] [1040] Too many connections
SQLSTATE[08004] [1040] Too many connections
SQLSTATE[08004] [1040] Too many connections
SQLSTATE[08004] [1040] Too many connections
SQLSTATE[08004] [1040] Too many connections
SQLSTATE[08004] [1040] Too many connections
SQLSTATE[08004] [1040] Too many connections
SQLSTATE[08004] [1040] Too many connections
SQLSTATE[08004] [1040] Too many connections
SQLSTATE[08004] [1040] Too many connections
SQLSTATE[08004] [1040] Too many connections
SQLSTATE[08004] [1040] Too many connections
SQLSTATE[08004] [1040] Too many connections
SQLSTATE[08004] [1040] Too many connections
SQLSTATE[08004] [1040] Too many connections
SQLSTATE[08004] [1040] Too many connections
SQLSTATE[08004] [1040] Too many connections
SQLSTATE[08004] [1040] Too many connections
SQLSTATE[08004] [1040] Too many connections
SQLSTATE[08004] [1040] Too many connections
SQLSTATE[08004] [1040] Too many connections
SQLSTATE[08004] [1040] Too many connections
SQLSTATE[08004] [1040] Too many connections
SQLSTATE[08004] [1040] Too many connections
SQLSTATE[08004] [1040] Too many connections
SQLSTATE[08004] [1040] Too many connections
SQLSTATE[08004] [1040] Too many connections
SQLSTATE[08004] [1040] Too many connections
SQLSTATE[08004] [1040] Too many connections
SQLSTATE[08004] [1040] Too many connections
SQLSTATE[08004] [1040] Too many connections
SQLSTATE[08004] [1040] Too many connections
SQLSTATE[08004] [1040] Too many connections
SQLSTATE[08004] [1040] Too many connections
SQLSTATE[08004] [1040] Too many connections
SQLSTATE[08004] [1040] Too many connections
SQLSTATE[08004] [1040] Too many connections
SQLSTATE[08004] [1040] Too many connections
SQLSTATE[08004] [1040] Too many connections
SQLSTATE[08004] [1040] Too many connections
SQLSTATE[08004] [1040] Too many connections
SQLSTATE[08004] [1040] Too many connections
SQLSTATE[08004] [1040] Too many connections
SQLSTATE[08004] [1040] Too many connections
SQLSTATE[08004] [1040] Too many connections
SQLSTATE[08004] [1040] Too many connections
SQLSTATE[08004] [1040] Too many connections
SQLSTATE[08004] [1040] Too many connections
SQLSTATE[08004] [1040] Too many connections
SQLSTATE[08004] [1040] Too many connections
SQLSTATE[08004] [1040] Too many connections
SQLSTATE[08004] [1040] Too many connections
SQLSTATE[08004] [1040] Too many connections
SQLSTATE[08004] [1040] Too many connections
SQLSTATE[08004] [1040] Too many connections
SQLSTATE[08004] [1040] Too many connections
SQLSTATE[08004] [1040] Too many connections
SQLSTATE[08004] [1040] Too many connections
SQLSTATE[08004] [1040] Too many connections
SQLSTATE[08004] [1040] Too many connections
SQLSTATE[08004] [1040] Too many connections
SQLSTATE[08004] [1040] Too many connections
SQLSTATE[08004] [1040] Too many connections
SQLSTATE[08004] [1040] Too many connections
SQLSTATE[08004] [1040] Too many connections
SQLSTATE[08004] [1040] Too many connections
SQLSTATE[08004] [1040] Too many connections
SQLSTATE[08004] [1040] Too many connections
SQLSTATE[08004] [1040] Too many connections
SQLSTATE[08004] [1040] Too many connections
SQLSTATE[08004] [1040] Too many connections
SQLSTATE[08004] [1040] Too many connections
SQLSTATE[08004] [1040] Too many connections
SQLSTATE[08004] [1040] Too many connections
SQLSTATE[08004] [1040] Too many connections
SQLSTATE[08004] [1040] Too many connections
SQLSTATE[08004] [1040] Too many connections
SQLSTATE[08004] [1040] Too many connections
SQLSTATE[08004] [1040] Too many connections
SQLSTATE[08004] [1040] Too many connections
SQLSTATE[08004] [1040] Too many connections
SQLSTATE[08004] [1040] Too many connections
SQLSTATE[08004] [1040] Too many connections
SQLSTATE[08004] [1040] Too many connections
SQLSTATE[08004] [1040] Too many connections
SQLSTATE[08004] [1040] Too many connections
SQLSTATE[08004] [1040] Too many connections
SQLSTATE[08004] [1040] Too many connections
SQLSTATE[08004] [1040] Too many connections
SQLSTATE[08004] [1040] Too many connections
SQLSTATE[08004] [1040] Too many connections
SQLSTATE[08004] [1040] Too many connections
SQLSTATE[08004] [1040] Too many connections
SQLSTATE[08004] [1040] Too many connections
SQLSTATE[08004] [1040] Too many connections
SQLSTATE[08004] [1040] Too many connections
SQLSTATE[08004] [1040] Too many connections
SQLSTATE[08004] [1040] Too many connections
SQLSTATE[08004] [1040] Too many connections
SQLSTATE[08004] [1040] Too many connections
SQLSTATE[08004] [1040] Too many connections
SQLSTATE[08004] [1040] Too many connections
SQLSTATE[08004] [1040] Too many connections
SQLSTATE[08004] [1040] Too many connections
SQLSTATE[08004] [1040] Too many connections
SQLSTATE[08004] [1040] Too many connections
SQLSTATE[08004] [1040] Too many connections
SQLSTATE[08004] [1040] Too many connections
SQLSTATE[08004] [1040] Too many connections
SQLSTATE[08004] [1040] Too many connections
SQLSTATE[08004] [1040] Too many connections
SQLSTATE[08004] [1040] Too many connections
SQLSTATE[08004] [1040] Too many connections
SQLSTATE[08004] [1040] Too many connections
SQLSTATE[08004] [1040] Too many connections
SQLSTATE[08004] [1040] Too many connections
SQLSTATE[08004] [1040] Too many connections
SQLSTATE[08004] [1040] Too many connections
SQLSTATE[08004] [1040] Too many connections
SQLSTATE[08004] [1040] Too many connections
SQLSTATE[08004] [1040] Too many connections
SQLSTATE[08004] [1040] Too many connections
SQLSTATE[08004] [1040] Too many connections
SQLSTATE[08004] [1040] Too many connections
SQLSTATE[08004] [1040] Too many connections
SQLSTATE[08004] [1040] Too many connections
SQLSTATE[08004] [1040] Too many connections
SQLSTATE[08004] [1040] Too many connections
SQLSTATE[08004] [1040] Too many connections
SQLSTATE[08004] [1040] Too many connections
SQLSTATE[08004] [1040] Too many connections
SQLSTATE[08004] [1040] Too many connections
SQLSTATE[08004] [1040] Too many connections
SQLSTATE[08004] [1040] Too many connections
SQLSTATE[08004] [1040] Too many connections
SQLSTATE[08004] [1040] Too many connections
SQLSTATE[08004] [1040] Too many connections
SQLSTATE[08004] [1040] Too many connections
SQLSTATE[08004] [1040] Too many connections
SQLSTATE[08004] [1040] Too many connections
SQLSTATE[08004] [1040] Too many connections
SQLSTATE[08004] [1040] Too many connections
SQLSTATE[08004] [1040] Too many connections
SQLSTATE[08004] [1040] Too many connections
SQLSTATE[08004] [1040] Too many connections
SQLSTATE[08004] [1040] Too many connections
SQLSTATE[08004] [1040] Too many connections
SQLSTATE[08004] [1040] Too many connections
SQLSTATE[08004] [1040] Too many connections
SQLSTATE[08004] [1040] Too many connections
SQLSTATE[08004] [1040] Too many connections
SQLSTATE[08004] [1040] Too many connections
SQLSTATE[08004] [1040] Too many connections
SQLSTATE[08004] [1040] Too many connections
SQLSTATE[08004] [1040] Too many connections
SQLSTATE[08004] [1040] Too many connections
SQLSTATE[08004] [1040] Too many connections
SQLSTATE[08004] [1040] Too many connections
SQLSTATE[08004] [1040] Too many connections
SQLSTATE[08004] [1040] Too many connections
SQLSTATE[08004] [1040] Too many connections
SQLSTATE[08004] [1040] Too many connections
SQLSTATE[08004] [1040] Too many connections
SQLSTATE[08004] [1040] Too many connections
SQLSTATE[08004] [1040] Too many connections
SQLSTATE[08004] [1040] Too many connections
SQLSTATE[08004] [1040] Too many connections
SQLSTATE[08004] [1040] Too many connections
SQLSTATE[08004] [1040] Too many connections
SQLSTATE[08004] [1040] Too many connections
SQLSTATE[08004] [1040] Too many connections
SQLSTATE[08004] [1040] Too many connections
SQLSTATE[08004] [1040] Too many connections
SQLSTATE[08004] [1040] Too many connections
SQLSTATE[08004] [1040] Too many connections
SQLSTATE[08004] [1040] Too many connections
SQLSTATE[08004] [1040] Too many connections
SQLSTATE[08004] [1040] Too many connections
SQLSTATE[08004] [1040] Too many connections
SQLSTATE[08004] [1040] Too many connections
SQLSTATE[08004] [1040] Too many connections
SQLSTATE[08004] [1040] Too many connections
SQLSTATE[08004] [1040] Too many connections
SQLSTATE[08004] [1040] Too many connections
SQLSTATE[08004] [1040] Too many connections
SQLSTATE[08004] [1040] Too many connections
SQLSTATE[08004] [1040] Too many connections
SQLSTATE[08004] [1040] Too many connections
SQLSTATE[08004] [1040] Too many connections
SQLSTATE[08004] [1040] Too many connections
SQLSTATE[08004] [1040] Too many connections
SQLSTATE[08004] [1040] Too many connections
SQLSTATE[08004] [1040] Too many connections
SQLSTATE[08004] [1040] Too many connections
SQLSTATE[42000]: Syntax error or access violation: 1064 You have an error in your SQL syntax; check the manual that corresponds to your MySQL server version for the right syntax to use near '(UserId,CourseId,rssLink) VALUES ('40','23','http://coursepress.lnu.se/kurs/anva' at line 1
SQLSTATE[08004] [1040] Too many connections
SQLSTATE[42000]: Syntax error or access violation: 1064 You have an error in your SQL syntax; check the manual that corresponds to your MySQL server version for the right syntax to use near 'Schema) VALUES ('dwsqd', 'dewqd', '','http://se.timeedit.net/web/lnu/db1/schema1' at line 1
SQLSTATE[42000]: Syntax error or access violation: 1064 You have an error in your SQL syntax; check the manual that corresponds to your MySQL server version for the right syntax to use near 'Schema) VALUES ('dwsqd', 'dewqd', '', 'http://se.timeedit.net/web/lnu/db1/schema' at line 1
SQLSTATE[42000]: Syntax error or access violation: 1064 You have an error in your SQL syntax; check the manual that corresponds to your MySQL server version for the right syntax to use near 'WHERECourseId= NULL' at line 1
SQLSTATE[42000]: Syntax error or access violation: 1064 You have an error in your SQL syntax; check the manual that corresponds to your MySQL server version for the right syntax to use near 'WHERECourseId= '123'' at line 1
SQLSTATE[42000]: Syntax error or access violation: 1064 You have an error in your SQL syntax; check the manual that corresponds to your MySQL server version for the right syntax to use near 'WHERECourseId= '123'' at line 1
SQLSTATE[42000]: Syntax error or access violation: 1064 You have an error in your SQL syntax; check the manual that corresponds to your MySQL server version for the right syntax to use near ' CourseCode WHERECourseId= VALUES('23', 'TestarMashup', '123')' at line 1
SQLSTATE[42000]: Syntax error or access violation: 1064 You have an error in your SQL syntax; check the manual that corresponds to your MySQL server version for the right syntax to use near 'WHERECourseId= '23'' at line 1
SQLSTATE[HY000] [1049] Unknown database 'lsn_social_network'
SQLSTATE[HY000] [1049] Unknown database 'lsn_social_network'
SQLSTATE[HY000] [1049] Unknown database 'lsn_social_network'
SQLSTATE[HY000] [1049] Unknown database 'lsn_social_network'
SQLSTATE[HY000] [1049] Unknown database 'lsn_social_network'
SQLSTATE[HY000] [1049] Unknown database 'lsn_social_network'
SQLSTATE[HY000] [1049] Unknown database 'lsn_social_network'
